<?xml version="1.0" encoding="UTF-8"?>
<testsuites>
	<testsuite tests="0" failures="0" time="0.000000" name="github.com/elastic/e2e-testing/cli" timestamp="2021-11-15T05:16:16Z">
		<properties>
			<property name="go.version" value="go1.16.3 linux/amd64"></property>
		</properties>
	</testsuite>
	<testsuite tests="0" failures="0" time="0.000000" name="github.com/elastic/e2e-testing/cli/cmd" timestamp="2021-11-15T05:16:16Z">
		<properties>
			<property name="go.version" value="go1.16.3 linux/amd64"></property>
		</properties>
	</testsuite>
	<testsuite tests="11" failures="0" time="0.000000" name="github.com/elastic/e2e-testing/cli/config" timestamp="2021-11-15T05:16:16Z">
		<properties>
			<property name="go.version" value="go1.16.3 linux/amd64"></property>
		</properties>
		<testcase classname="github.com/elastic/e2e-testing/cli/config" name="TestCheckConfigDirsCreatesWorkspaceAtHome" time="0.000000"></testcase>
		<testcase classname="github.com/elastic/e2e-testing/cli/config" name="TestConfigureLoggerWithTimestamps" time="0.000000"></testcase>
		<testcase classname="github.com/elastic/e2e-testing/cli/config" name="TestConfigureLoggerWithDebugLogLevel" time="0.000000"></testcase>
		<testcase classname="github.com/elastic/e2e-testing/cli/config" name="TestConfigureLoggerWithErrorLogLevel" time="0.000000"></testcase>
		<testcase classname="github.com/elastic/e2e-testing/cli/config" name="TestConfigureLoggerWithFatalLogLevel" time="0.000000"></testcase>
		<testcase classname="github.com/elastic/e2e-testing/cli/config" name="TestConfigureLoggerWithInfoLogLevel" time="0.000000"></testcase>
		<testcase classname="github.com/elastic/e2e-testing/cli/config" name="TestConfigureLoggerWithPanicLogLevel" time="0.000000"></testcase>
		<testcase classname="github.com/elastic/e2e-testing/cli/config" name="TestConfigureLoggerWithTraceLogLevel" time="0.000000"></testcase>
		<testcase classname="github.com/elastic/e2e-testing/cli/config" name="TestConfigureLoggerWithWarningLogLevel" time="0.000000"></testcase>
		<testcase classname="github.com/elastic/e2e-testing/cli/config" name="TestConfigureLoggerWithWrongLogLevel" time="0.000000"></testcase>
		<testcase classname="github.com/elastic/e2e-testing/cli/config" name="TestNewConfigPopulatesConfiguration" time="0.000000"></testcase>
	</testsuite>
</testsuites>
